C51 COMPILER V9.56.0.0   MAIN                                                              06/03/2020 22:20:02 PAGE 1   


C51 COMPILER V9.56.0.0, COMPILATION OF MODULE MAIN
OBJECT MODULE PLACED IN .\Objects\Main.obj
COMPILER INVOKED BY: D:\Program Files (x86)\keil\C51\BIN\C51.EXE ..\Source\Main.c OPTIMIZE(8,SPEED) BROWSE DEBUG OBJECTE
                    -XTEND PRINT(.\Listings\Main.lst) TABS(2) OBJECT(.\Objects\Main.obj)

line level    source

   1          /****************************æ–‡ä»¶åŒ…å«*************************************/
   2          #include "reg52.h "
   3          #include "character.h"
   4          #include "lcd.h"
   5          #include "clock.h"
   6          #include "sensor.h"
   7          #include "calendar.h"
   8          #include "key.h"
   9          
  10          /*****************************é¢„å®šä¹‰**************************************/
  11          #define uchar unsigned char
  12          #define uint unsigned int
  13          /****************************************************************************/
  14          sbit bell = P1 ^ 6; //å®šä¹‰èœ‚é¸£å™¨ç«¯å£
  15          sbit test = P1 ^ 7;
  16          /*****************************************************************************
  17          * åç§°: Timer0_Service() inturrupt 1
  18          * åŠŸèƒ½: ä¸­æ–­æœåŠ¡ç¨‹åº æ•´ç‚¹æŠ¥æ—¶ 3å£°å˜Ÿå˜Ÿçš„å£°éŸ³
  19          * å…¥å£å‚æ•°:
  20          * å‡ºå£å‚æ•°:
  21          *****************************************************************************/
  22          void Timer0_Service() interrupt 1
  23          {
  24   1        static uchar count = 0;
  25   1        static uchar flag = 0; //è®°å½•é¸£å«çš„æ¬¡æ•°
  26   1        count = 0;
  27   1        TR0 = 0; //å…³é—­Timer0
  28   1        TH0 = 0x3c;
  29   1        TL0 = 0XB0; //å»¶æ—¶ 50 ms
  30   1        TR0 = 1;  //å¯åŠ¨Timer0
  31   1        count++;
  32   1        if (count == 20) //é¸£å« 1 ç§’
  33   1        {
  34   2          bell = ~bell;
  35   2          count = 0;
  36   2          flag++;
  37   2        }
  38   1        if (flag == 6)
  39   1        {
  40   2          flag = 0;
  41   2          TR0 = 0; //å…³é—­Timer0
  42   2        }
  43   1      }
  44          
  45          /*****************************************************************************
  46          * åç§°: Timer2_Servie() interrupt 5
  47          * åŠŸèƒ½: ä¸­æ–­æœåŠ¡ç¨‹åº  æ•´ç‚¹æŠ¥æ—¶ ä¸€åˆ†é’Ÿ
  48          * å…¥å£å‚æ•°: 
  49          * å‡ºå£å‚æ•°:
  50          *****************************************************************************/
  51          uchar HexNum_Convert(uchar HexNum) /*æ—¶é—´å­˜å‚¨ä¸ªä½å’Œåä½çš„æ–¹å¼ä¸æˆ‘ä»¬ç”¨çš„åè¿›åˆ¶ä¸ä¸€æ ·
             -ï¼Œä½ æ‡‚çš„ï¼Œå‘µå‘µ--BBè½¦*/
  52          {
  53   1        uchar Numtemp;
C51 COMPILER V9.56.0.0   MAIN                                                              06/03/2020 22:20:02 PAGE 2   

  54   1        Numtemp = (HexNum >> 4) * 10 + (HexNum & 0X0F);
  55   1        return Numtemp;
  56   1      }
  57          /******************************************************************************
  58          * å‡½æ•°åç§°ï¼šmain()
  59          * åŠŸ    èƒ½ï¼š
  60          * å…¥å£å‚æ•°ï¼š
  61          * å‡ºå£å‚æ•°ï¼š
  62          ********************************************************************************/
  63          void main(void)
  64          {
  65   1        uchar ring = 0; //é—¹é’Ÿåœæ­¢ä¸å¦çš„æ ‡å¿—
  66   1        bit am = 0;
  67   1        uchar clock_time[7] = {0X00, 0X59, 0X23, 0X09, 0X04, 0X11, 0x00};
  68   1        //å®šä¹‰æ—¶é—´å˜é‡ ç§’  åˆ† æ—¶ æ—¥ æœˆ å¹´
  69   1        uchar alarm_time[2] = {55, 20};
  70   1        //é—¹é’Ÿè®¾ç½®  alarm_time[0]: åˆ†é’Ÿ  alarm_time[1] :å°æ—¶
  71   1        uchar temperature[2];
  72   1        //å®šä¹‰æ¸©åº¦å˜é‡   temperature[0]  ä½8ä½   temperature[1]  é«˜8ä½
  73   1      
  74   1        Lcd_Initial();         //LCDåˆå§‹åŒ–
  75   1        Clock_Fresh(clock_time);   //æˆ‘æŠŠæ—¶é—´åˆ·æ–°æ”¾åœ¨è¿™é‡Œï¼Œproteusä¼šè°ƒç”¨å½“å‰ç³»ç»Ÿæ—¶é—´ï¼Œåˆ«é—®
             -ä¸ºä»€ä¹ˆï¼Œç»éªŒï¼Œå‘µå‘µ
  76   1        Clock_Initial(clock_time); //æ—¶é’Ÿåˆè¯•åŒ–
  77   1        test = 0;
  78   1      
  79   1        /***********************ä¸­æ–­åˆå§‹åŒ–***************************/
  80   1        EA = 1;    //å¼€æ€»ä¸­æ–­
  81   1        ET0 = 1;   //Timer0 å¼€ä¸­æ–­
  82   1        ET2 = 1;   //Timer2 å¼€ä¸­æ–­
  83   1        TMOD = 0x01; //Timer0 å·¥ä½œæ–¹å¼ 1
  84   1        RCAP2H = 0x3c;
  85   1        RCAP2L = 0xb0; //Timer2 å»¶æ—¶ 50 ms
  86   1      
  87   1        while (1)
  88   1        {
  89   2          switch (Key_Scan()) //KEY_SAN()
  90   2          {
  91   3          case UpButton:
  92   3          {
  93   4            Key_Wait();
  94   4          }
  95   3          break;
  96   3          case DownButton:
  97   3          {
  98   4            Key_Wait();
  99   4          }
 100   3          break;
 101   3          case BackButton:
 102   3          {
 103   4            am = ~am;
 104   4            Key_Wait();
 105   4          }
 106   3          break;
 107   3          case MenuButton:
 108   3          {
 109   4            Key_Function(clock_time, alarm_time);
 110   4          }
 111   3          case null:
 112   3          {
 113   4            Clock_Fresh(clock_time);   //æ—¶é—´åˆ·æ–°
 114   4            Lcd_Clock(clock_time, am);   //æ—¶é—´æ˜¾ç¤º
C51 COMPILER V9.56.0.0   MAIN                                                              06/03/2020 22:20:02 PAGE 3   

 115   4            Sensor_Fresh(temperature);   //æ¸©åº¦æ›´æ–°
 116   4            Lcd_Temperture(temperature); //æ¸©åº¦æ˜¾ç¤º
 117   4      
 118   4            Calendar_Convert(0, clock_time); //å†œå†è½¬æ¢ä¸æ˜¾ç¤º
 119   4            Lcd_Week(clock_time);
 120   4      
 121   4            //æ•´ç‚¹æŠ¥æ—¶
 122   4            //   if( ( * clock_time == 0x59 ) && ( * ( clock_time + 1 ) == 0x59 ) )
 123   4            //   {
 124   4            //      bell = 0;
 125   4            //   TR2 = 1; //å¯åŠ¨Timer2
 126   4            //   }
 127   4            //é—¹é’ŸæŠ¥è­¦
 128   4            while (*alarm_time == HexNum_Convert(*(clock_time + 1)))
 129   4            {                                                    //åˆ†é’Ÿç›¸å»åˆ
 130   5              if (*(alarm_time + 1) == HexNum_Convert(*(clock_time + 2)) && (Key_Scan() == null) && (ring == 0)) //å
             -°æ—¶ç›¸å»åˆ
 131   5              {
 132   6                bell = 0;
 133   6                // TR2 = 1; //å¯åŠ¨Timer2
 134   6              }
 135   5              if (*(alarm_time + 1) == HexNum_Convert(*(clock_time + 2)) && (Key_Scan() != null))
 136   5              {
 137   6                bell = 1;
 138   6                ring = 1;
 139   6              }
 140   5            }
 141   4            ring = 0;
 142   4          }
 143   3          break;
 144   3          }
 145   2        }
 146   1      }
*** WARNING C291 IN LINE 268 OF ..\Source\Main.c: not every exit path returns a value


MODULE INFORMATION:   STATIC OVERLAYABLE
   CODE SIZE        =   5927    ----
   CONSTANT SIZE    =   4461    ----
   XDATA SIZE       =   ----    ----
   PDATA SIZE       =   ----    ----
   DATA SIZE        =      2      99
   IDATA SIZE       =   ----    ----
   BIT SIZE         =   ----      17
END OF MODULE INFORMATION.


C51 COMPILATION COMPLETE.  1 WARNING(S),  0 ERROR(S)
